<?xml version="1.0" encoding="UTF-8"?>
<!-- Generated by org.testng.reporters.JUnitReportReporter -->
<testsuite skipped="0" hostname="DESKTOP-9BKK678" name="com.qa.dd.testcases.InvalidLoginTest" tests="3" failures="0" timestamp="21 Sep 2019 02:01:02 GMT" time="82.925" errors="0">
  <testcase name="invalidLoginTest" time="30.302" classname="com.qa.dd.testcases.InvalidLoginTest"/>
  <testcase name="invalidLoginTest" time="26.472" classname="com.qa.dd.testcases.InvalidLoginTest"/>
  <testcase name="invalidLoginTest" time="26.151" classname="com.qa.dd.testcases.InvalidLoginTest"/>
</testsuite> <!-- com.qa.dd.testcases.InvalidLoginTest -->
